0 verbose cli /data/data/com.termux/files/usr/bin/node /data/data/com.termux/files/usr/bin/npm
1 info using npm@11.5.1
2 info using node@v24.6.0
3 silly config load:file:/data/data/com.termux/files/usr/lib/node_modules/npm/npmrc
4 silly config load:file:/data/data/com.termux/files/home/.expo/template-cache/.npmrc
5 silly config load:file:/data/data/com.termux/files/home/.npmrc
6 silly config load:file:/data/data/com.termux/files/usr/etc/npmrc
7 verbose title npm pack expo-template-blank
8 verbose argv "pack" "expo-template-blank" "--dry-run" "--json"
9 verbose logfile logs-max:10 dir:/data/data/com.termux/files/home/.npm/_logs/2025-09-07T23_09_38_971Z-
10 verbose logfile /data/data/com.termux/files/home/.npm/_logs/2025-09-07T23_09_38_971Z-debug-0.log
11 silly logfile start cleaning logs, removing 1 files
12 silly logfile done cleaning log files
13 http fetch GET 200 https://registry.npmjs.org/expo-template-blank 1325ms (cache updated)
14 http cache https://registry.npmjs.org/expo-template-blank 48ms (cache hit)
15 http cache https://registry.npmjs.org/expo-template-blank/-/expo-template-blank-53.0.39.tgz 0ms (cache hit)
16 silly tarball no local data for https://registry.npmjs.org/expo-template-blank/-/expo-template-blank-53.0.39.tgz. Extracting by manifest.
17 http fetch GET 200 https://registry.npmjs.org/expo-template-blank/-/expo-template-blank-53.0.39.tgz 135ms (cache miss)
18 verbose cwd /data/data/com.termux/files/home/.expo/template-cache
19 verbose os Linux 4.14.180-perf+
20 verbose node v24.6.0
21 verbose npm  v11.5.1
22 verbose exit 0
23 info ok
